<?xml version="1.0" encoding="UTF-8"?>
<testng-results ignored="0" total="1" passed="1" failed="0" skipped="0">
  <reporter-output>
  </reporter-output>
  <suite started-at="2022-03-18T11:08:38 IST" name="Default suite" finished-at="2022-03-18T11:08:43 IST" duration-ms="5071">
    <groups>
    </groups>
    <test started-at="2022-03-18T11:08:38 IST" name="Default test" finished-at="2022-03-18T11:08:43 IST" duration-ms="5071">
      <class name="framework.CreateResoureAndDataBase">
        <test-method is-config="true" signature="bsconfige()[pri:0, instance:framework.CreateResoureAndDataBase@4efac082]" started-at="2022-03-18T11:08:36 IST" name="bsconfige" finished-at="2022-03-18T11:08:38 IST" duration-ms="1477" status="PASS">
          <reporter-output>
          </reporter-output>
        </test-method> <!-- bsconfige -->
        <test-method signature="create()[pri:0, instance:framework.CreateResoureAndDataBase@4efac082]" started-at="2022-03-18T11:08:38 IST" name="create" finished-at="2022-03-18T11:08:43 IST" duration-ms="5031" status="PASS">
          <reporter-output>
          </reporter-output>
        </test-method> <!-- create -->
        <test-method is-config="true" signature="afConfige()[pri:0, instance:framework.CreateResoureAndDataBase@4efac082]" started-at="2022-03-18T11:08:43 IST" name="afConfige" finished-at="2022-03-18T11:08:43 IST" duration-ms="11" status="PASS">
          <reporter-output>
          </reporter-output>
        </test-method> <!-- afConfige -->
      </class> <!-- framework.CreateResoureAndDataBase -->
    </test> <!-- Default test -->
  </suite> <!-- Default suite -->
</testng-results>
